<?xml version="1.0" encoding="UTF-8"?>
<!-- Generated by org.testng.reporters.JUnitReportReporter -->
<testsuite name="Testcase.PropertyTest" tests="1" time="29.940" ignored="2" failures="0" timestamp="24 Jun 2020 12:49:56 GMT" skipped="0" hostname="innoppl-PC" errors="0">
  <testcase name="sortpriceDesending" time="29.940" classname="Testcase.PropertyTest"/>
  <testcase name="verifyfifthproperty" classname="Testcase.PropertyTest">
    <skipped/>
  </testcase> <!-- verifyfifthproperty -->
  <testcase name="searchCounty" classname="Testcase.PropertyTest">
    <skipped/>
  </testcase> <!-- searchCounty -->
</testsuite> <!-- Testcase.PropertyTest -->
